# JRE version: OpenJDK Runtime Environment (11.0.15) (build 11.0.15+0-b2043.56-9505619)
# Java VM: OpenJDK 64-Bit Server VM (11.0.15+0-b2043.56-9505619, mixed mode, tiered, compressed oops, g1 gc, windows-amd64)
Heap:
 garbage-first heap   total 227328K, used 208168K [0x0000000080000000, 0x0000000100000000)
  region size 1024K, 10 young (10240K), 2 survivors (2048K)
 Metaspace       used 117266K, capacity 120683K, committed 120828K, reserved 1155072K
  class space    used 14872K, capacity 16152K, committed 16204K, reserved 1048576K
GC Heap History (20 events):
Event: 463.056 GC heap before
{Heap before GC invocations=81 (full 0):
 garbage-first heap   total 227328K, used 203408K [0x0000000080000000, 0x0000000100000000)
  region size 1024K, 11 young (11264K), 2 survivors (2048K)
 Metaspace       used 113664K, capacity 116970K, committed 117116K, reserved 1150976K
  class space    used 14474K, capacity 15703K, committed 15820K, reserved 1048576K
}
Event: 463.068 GC heap after
{Heap after GC invocations=82 (full 0):
 garbage-first heap   total 227328K, used 193541K [0x0000000080000000, 0x0000000100000000)
  region size 1024K, 1 young (1024K), 1 survivors (1024K)
 Metaspace       used 113664K, capacity 116970K, committed 117116K, reserved 1150976K
  class space    used 14474K, capacity 15703K, committed 15820K, reserved 1048576K
}
Event: 464.781 GC heap before
{Heap before GC invocations=82 (full 0):
 garbage-first heap   total 227328K, used 203781K [0x0000000080000000, 0x0000000100000000)
  region size 1024K, 11 young (11264K), 1 survivors (1024K)
 Metaspace       used 114094K, capacity 117468K, committed 117628K, reserved 1150976K
  class space    used 14527K, capacity 15777K, committed 15820K, reserved 1048576K
}
Event: 464.786 GC heap after
{Heap after GC invocations=83 (full 0):
 garbage-first heap   total 227328K, used 193878K [0x0000000080000000, 0x0000000100000000)
  region size 1024K, 1 young (1024K), 1 survivors (1024K)
 Metaspace       used 114094K, capacity 117468K, committed 117628K, reserved 1150976K
  class space    used 14527K, capacity 15777K, committed 15820K, reserved 1048576K
}
Event: 465.240 GC heap before
{Heap before GC invocations=84 (full 0):
 garbage-first heap   total 227328K, used 203094K [0x0000000080000000, 0x0000000100000000)
  region size 1024K, 11 young (11264K), 1 survivors (1024K)
 Metaspace       used 114274K, capacity 117585K, committed 117628K, reserved 1150976K
  class space    used 14552K, capacity 15792K, committed 15820K, reserved 1048576K
}
Event: 465.245 GC heap after
{Heap after GC invocations=85 (full 0):
 garbage-first heap   total 227328K, used 194628K [0x0000000080000000, 0x0000000100000000)
  region size 1024K, 2 young (2048K), 2 survivors (2048K)
 Metaspace       used 114274K, capacity 117585K, committed 117628K, reserved 1150976K
  class space    used 14552K, capacity 15792K, committed 15820K, reserved 1048576K
}
Event: 465.419 GC heap before
{Heap before GC invocations=85 (full 0):
 garbage-first heap   total 227328K, used 202820K [0x0000000080000000, 0x0000000100000000)
  region size 1024K, 11 young (11264K), 2 survivors (2048K)
 Metaspace       used 114459K, capacity 117759K, committed 117884K, reserved 1150976K
  class space    used 14563K, capacity 15798K, committed 15820K, reserved 1048576K
}
Event: 465.430 GC heap after
{Heap after GC invocations=86 (full 0):
 garbage-first heap   total 227328K, used 194575K [0x0000000080000000, 0x0000000100000000)
  region size 1024K, 2 young (2048K), 2 survivors (2048K)
 Metaspace       used 114459K, capacity 117759K, committed 117884K, reserved 1150976K
  class space    used 14563K, capacity 15798K, committed 15820K, reserved 1048576K
}
Event: 465.561 GC heap before
{Heap before GC invocations=86 (full 0):
 garbage-first heap   total 227328K, used 202767K [0x0000000080000000, 0x0000000100000000)
  region size 1024K, 11 young (11264K), 2 survivors (2048K)
 Metaspace       used 114496K, capacity 117769K, committed 117884K, reserved 1150976K
  class space    used 14563K, capacity 15799K, committed 15820K, reserved 1048576K
}
Event: 465.571 GC heap after
{Heap after GC invocations=87 (full 0):
 garbage-first heap   total 227328K, used 195687K [0x0000000080000000, 0x0000000100000000)
  region size 1024K, 2 young (2048K), 2 survivors (2048K)
 Metaspace       used 114496K, capacity 117769K, committed 117884K, reserved 1150976K
  class space    used 14563K, capacity 15799K, committed 15820K, reserved 1048576K
}
Event: 467.446 GC heap before
{Heap before GC invocations=88 (full 0):
 garbage-first heap   total 227328K, used 203879K [0x0000000080000000, 0x0000000100000000)
  region size 1024K, 11 young (11264K), 2 survivors (2048K)
 Metaspace       used 114714K, capacity 118080K, committed 118268K, reserved 1150976K
  class space    used 14598K, capacity 15839K, committed 15948K, reserved 1048576K
}
Event: 467.452 GC heap after
{Heap after GC invocations=89 (full 0):
 garbage-first heap   total 227328K, used 196396K [0x0000000080000000, 0x0000000100000000)
  region size 1024K, 1 young (1024K), 1 survivors (1024K)
 Metaspace       used 114714K, capacity 118080K, committed 118268K, reserved 1150976K
  class space    used 14598K, capacity 15839K, committed 15948K, reserved 1048576K
}
Event: 467.926 GC heap before
{Heap before GC invocations=89 (full 0):
 garbage-first heap   total 227328K, used 205612K [0x0000000080000000, 0x0000000100000000)
  region size 1024K, 11 young (11264K), 1 survivors (1024K)
 Metaspace       used 116130K, capacity 119560K, committed 119676K, reserved 1153024K
  class space    used 14767K, capacity 16034K, committed 16076K, reserved 1048576K
}
Event: 467.934 GC heap after
{Heap after GC invocations=90 (full 0):
 garbage-first heap   total 227328K, used 196263K [0x0000000080000000, 0x0000000100000000)
  region size 1024K, 2 young (2048K), 2 survivors (2048K)
 Metaspace       used 116130K, capacity 119560K, committed 119676K, reserved 1153024K
  class space    used 14767K, capacity 16034K, committed 16076K, reserved 1048576K
}
Event: 469.869 GC heap before
{Heap before GC invocations=90 (full 0):
 garbage-first heap   total 227328K, used 205479K [0x0000000080000000, 0x0000000100000000)
  region size 1024K, 11 young (11264K), 2 survivors (2048K)
 Metaspace       used 117009K, capacity 120490K, committed 120572K, reserved 1153024K
  class space    used 14872K, capacity 16152K, committed 16204K, reserved 1048576K
}
Event: 469.879 GC heap after
{Heap after GC invocations=91 (full 0):
 garbage-first heap   total 227328K, used 196815K [0x0000000080000000, 0x0000000100000000)
  region size 1024K, 1 young (1024K), 1 survivors (1024K)
 Metaspace       used 117009K, capacity 120490K, committed 120572K, reserved 1153024K
  class space    used 14872K, capacity 16152K, committed 16204K, reserved 1048576K
}
Event: 471.853 GC heap before
{Heap before GC invocations=91 (full 0):
 garbage-first heap   total 227328K, used 206031K [0x0000000080000000, 0x0000000100000000)
  region size 1024K, 11 young (11264K), 1 survivors (1024K)
 Metaspace       used 117174K, capacity 120619K, committed 120828K, reserved 1155072K
  class space    used 14872K, capacity 16152K, committed 16204K, reserved 1048576K
}
Event: 471.857 GC heap after
{Heap after GC invocations=92 (full 0):
 garbage-first heap   total 227328K, used 198142K [0x0000000080000000, 0x0000000100000000)
  region size 1024K, 2 young (2048K), 2 survivors (2048K)
 Metaspace       used 117174K, capacity 120619K, committed 120828K, reserved 1155072K
  class space    used 14872K, capacity 16152K, committed 16204K, reserved 1048576K
}
Event: 472.941 GC heap before
{Heap before GC invocations=92 (full 0):
 garbage-first heap   total 227328K, used 206334K [0x0000000080000000, 0x0000000100000000)
  region size 1024K, 11 young (11264K), 2 survivors (2048K)
 Metaspace       used 117235K, capacity 120683K, committed 120828K, reserved 1155072K
  class space    used 14872K, capacity 16152K, committed 16204K, reserved 1048576K
}
Event: 472.979 GC heap after
{Heap after GC invocations=93 (full 0):
 garbage-first heap   total 227328K, used 201000K [0x0000000080000000, 0x0000000100000000)
  region size 1024K, 2 young (2048K), 2 survivors (2048K)
 Metaspace       used 117235K, capacity 120683K, committed 120828K, reserved 1155072K
  class space    used 14872K, capacity 16152K, committed 16204K, reserved 1048576K
}

